  [WARN] Fog::AWS::Compute.new is deprecated, use Fog::Compute.new(:provider => 'AWS') instead (/Users/tnewton/.rvm/gems/ruby-1.8.7-p334/gems/fog-0.7.0/lib/fog/core/service.rb:58:in `new') 
[36mInstance ID[0m: i-a214c1cd
[36mFlavor[0m: m1.small
[36mImage[0m: ami-2d4aa444
[36mAvailability Zone[0m: us-east-1d
[36mSecurity Groups[0m: default, firewall
[36mSSH Key[0m: ec2-keypair

[35mWaiting for server[0m....FATAL: SIGINT received, stopping
FATAL: SIGINT received, stopping
/Users/tnewton/.rvm/rubies/ruby-1.8.7-p334/lib/ruby/1.8/pp.rb:654: Interrupt
	from /Users/tnewton/.rvm/rubies/ruby-1.8.7-p334/lib/ruby/site_ruby/1.8/rubygems/custom_require.rb:31:in `gem_original_require'
	from /Users/tnewton/.rvm/rubies/ruby-1.8.7-p334/lib/ruby/site_ruby/1.8/rubygems/custom_require.rb:31:in `require'
	from /Users/tnewton/.rvm/gems/ruby-1.8.7-p334/gems/chef-0.9.14/lib/chef/knife.rb:24
	from /Users/tnewton/.rvm/rubies/ruby-1.8.7-p334/lib/ruby/site_ruby/1.8/rubygems/custom_require.rb:31:in `gem_original_require'
	from /Users/tnewton/.rvm/rubies/ruby-1.8.7-p334/lib/ruby/site_ruby/1.8/rubygems/custom_require.rb:31:in `require'
	from /Users/tnewton/.rvm/gems/ruby-1.8.7-p334/gems/chef-0.9.14/lib/chef/application/knife.rb:18
	from /Users/tnewton/.rvm/rubies/ruby-1.8.7-p334/lib/ruby/site_ruby/1.8/rubygems/custom_require.rb:31:in `gem_original_require'
	from /Users/tnewton/.rvm/rubies/ruby-1.8.7-p334/lib/ruby/site_ruby/1.8/rubygems/custom_require.rb:31:in `require'
	from /Users/tnewton/.rvm/gems/ruby-1.8.7-p334/gems/chef-0.9.14/bin/knife:23
	from /Users/tnewton/.rvm/gems/ruby-1.8.7-p334/bin/knife:19:in `load'
	from /Users/tnewton/.rvm/gems/ruby-1.8.7-p334/bin/knife:19
